<?xml version="1.0" encoding="UTF-8"?>
<!-- Generated by org.testng.reporters.JUnitReportReporter -->
<testsuite hostname="Mac-HoaiLong.local" failures="0" tests="3" name="HomeMeta.PageObjects.BrokerLogin" time="21.345" errors="0" timestamp="2024-07-18T15:26:21 ICT" skipped="0">
  <testcase classname="HomeMeta.PageObjects.BrokerLogin" name="TestLoginBrokerIncorrect" time="2.934"/>
  <testcase classname="HomeMeta.PageObjects.BrokerLogin" name="TestLoginBrokerDeleted" time="9.149"/>
  <testcase classname="HomeMeta.PageObjects.BrokerLogin" name="TestLoginBrokerSuccess" time="9.262"/>
</testsuite> <!-- HomeMeta.PageObjects.BrokerLogin -->
