<?xml version="1.0" encoding="UTF-8"?>
<!-- Generated by org.testng.reporters.JUnitReportReporter -->
<testsuite hostname="Mac-HoaiLong.local" failures="0" tests="2" name="HomeMeta.PageObjects.AddMailingListImportFile" time="70.994" errors="0" timestamp="2024-07-24T11:21:33 ICT" skipped="0">
  <testcase classname="HomeMeta.PageObjects.AddMailingListImportFile" name="AddMailingListIncorrectFormat" time="21.519"/>
  <testcase classname="HomeMeta.PageObjects.AddMailingListImportFile" name="AddMailingListDuplicatedTest" time="49.475"/>
</testsuite> <!-- HomeMeta.PageObjects.AddMailingListImportFile -->
