<?xml version="1.0" encoding="UTF-8"?>
<!-- Generated by org.testng.reporters.JUnitReportReporter -->
<testsuite hostname="Mac-HoaiLong.local" failures="0" tests="1" name="HomeMeta.PageObjects.CreateDripsSmartStriggers" time="34.968" errors="0" timestamp="2024-07-09T14:58:42 ICT" skipped="0">
  <testcase classname="HomeMeta.PageObjects.CreateDripsSmartStriggers" name="CreateCampagin" time="34.968"/>
</testsuite> <!-- HomeMeta.PageObjects.CreateDripsSmartStriggers -->
