<?xml version="1.0" encoding="UTF-8"?>
<!-- Generated by org.testng.reporters.JUnitReportReporter -->
<testsuite hostname="Mac-HoaiLong.local" failures="0" tests="3" name="HomeMeta.PageObjects.RegisterManager" time="54.332" errors="0" timestamp="2024-07-23T09:45:26 ICT" skipped="0">
  <testcase classname="HomeMeta.PageObjects.RegisterManager" name="RegisterManagerTest" time="34.988"/>
  <testcase classname="HomeMeta.PageObjects.RegisterManager" name="RegisterManagerFailed" time="11.953"/>
  <testcase classname="HomeMeta.PageObjects.RegisterManager" name="RegisterManagerNotFound" time="7.391"/>
</testsuite> <!-- HomeMeta.PageObjects.RegisterManager -->
