<?xml version="1.0" encoding="UTF-8"?>
<!-- Generated by org.testng.reporters.JUnitReportReporter -->
<testsuite hostname="Mac-HoaiLong.local" failures="0" tests="1" name="HomeMeta.PageObjects.CreateCripsSmartStriggers" time="34.799" errors="0" timestamp="2024-07-05T15:22:06 ICT" skipped="0">
  <testcase classname="HomeMeta.PageObjects.CreateCripsSmartStriggers" name="CreateCampagin" time="34.799"/>
</testsuite> <!-- HomeMeta.PageObjects.CreateCripsSmartStriggers -->
