<?xml version="1.0" encoding="UTF-8"?>
<!-- Generated by org.testng.reporters.JUnitReportReporter -->
<testsuite hostname="Mac-HoaiLong.local" failures="0" tests="3" name="HomeMeta.PageObjects.RegisterAgent1" time="63.694" errors="0" timestamp="2024-07-23T09:28:30 ICT" skipped="0">
  <testcase classname="HomeMeta.PageObjects.RegisterAgent1" name="RegisterAgentNotFound" time="11.235"/>
  <testcase classname="HomeMeta.PageObjects.RegisterAgent1" name="RegisterAgentFailed" time="14.649"/>
  <testcase classname="HomeMeta.PageObjects.RegisterAgent1" name="RegisterAgent" time="37.810"/>
</testsuite> <!-- HomeMeta.PageObjects.RegisterAgent1 -->
