<?xml version="1.0" encoding="UTF-8"?>
<!-- Generated by org.testng.reporters.JUnitReportReporter -->
<testsuite hostname="Mac-HoaiLong.local" failures="0" tests="3" name="HomeMeta.PageObjects.AgentLogin" time="23.763" errors="0" timestamp="2024-07-18T15:26:21 ICT" skipped="0">
  <testcase classname="HomeMeta.PageObjects.AgentLogin" name="TestLoginAgentIncorrect" time="3.042"/>
  <testcase classname="HomeMeta.PageObjects.AgentLogin" name="TestLoginAgentDeleted" time="9.467"/>
  <testcase classname="HomeMeta.PageObjects.AgentLogin" name="TestLoginAgentSuccess" time="11.254"/>
</testsuite> <!-- HomeMeta.PageObjects.AgentLogin -->
