<?xml version="1.0" encoding="UTF-8"?>
<!-- Generated by org.testng.reporters.JUnitReportReporter -->
<testsuite hostname="Mac-HoaiLong.local" failures="0" tests="3" name="HomeMeta.PageObjects.Login" time="21.592" errors="0" timestamp="2024-07-18T14:30:15 ICT" skipped="0">
  <testcase classname="HomeMeta.PageObjects.Login" name="TestLoginAccountDeleted" time="8.706"/>
  <testcase classname="HomeMeta.PageObjects.Login" name="TestLoginAccountIncorrect" time="2.314"/>
  <testcase classname="HomeMeta.PageObjects.Login" name="TestLoginSuccess" time="10.572"/>
</testsuite> <!-- HomeMeta.PageObjects.Login -->
