<?xml version="1.0" encoding="UTF-8"?>
<!-- Generated by org.testng.reporters.JUnitReportReporter -->
<testsuite hostname="Mac-HoaiLong.local" failures="0" tests="1" name="HomeMeta.PageObjects.TestNG" time="0.017" errors="0" timestamp="2024-06-25T14:28:18 ICT" skipped="0">
  <testcase classname="HomeMeta.PageObjects.TestNG" name="Test1" time="0.017"/>
</testsuite> <!-- HomeMeta.PageObjects.TestNG -->
