<?xml version="1.0" encoding="UTF-8"?>
<!-- Generated by org.testng.reporters.JUnitReportReporter -->
<testsuite hostname="Mac-HoaiLong.local" failures="0" tests="2" name="HomeMeta.PageObjects.AddMailingList" time="82.910" errors="0" timestamp="2024-07-23T15:49:27 ICT" skipped="0">
  <testcase classname="HomeMeta.PageObjects.AddMailingList" name="AddMailingListFailed" time="30.561"/>
  <testcase classname="HomeMeta.PageObjects.AddMailingList" name="AddMailingListTest" time="52.349"/>
</testsuite> <!-- HomeMeta.PageObjects.AddMailingList -->
