<?xml version="1.0" encoding="UTF-8"?>
<!-- Generated by org.testng.reporters.JUnitReportReporter -->
<testsuite hostname="Mac-HoaiLong.local" failures="0" tests="1" name="HomeMeta.PageObjects.CreateCampaign" time="44.825" errors="0" timestamp="2024-07-01T16:31:28 ICT" skipped="0">
  <testcase classname="HomeMeta.PageObjects.CreateCampaign" name="CreateCampagin" time="44.825"/>
</testsuite> <!-- HomeMeta.PageObjects.CreateCampaign -->
