<?xml version="1.0" encoding="UTF-8"?>
<!-- Generated by org.testng.reporters.JUnitReportReporter -->
<testsuite hostname="Mac-HoaiLong.local" failures="0" tests="3" name="HomeMeta.PageObjects.ManagerLogin" time="24.851" errors="0" timestamp="2024-07-18T15:26:21 ICT" skipped="0">
  <testcase classname="HomeMeta.PageObjects.ManagerLogin" name="TestLoginManagerDeleted" time="9.258"/>
  <testcase classname="HomeMeta.PageObjects.ManagerLogin" name="TestLoginManagerSuccess" time="12.571"/>
  <testcase classname="HomeMeta.PageObjects.ManagerLogin" name="TestLoginManagerIncorrect" time="3.022"/>
</testsuite> <!-- HomeMeta.PageObjects.ManagerLogin -->
