<?xml version="1.0" encoding="UTF-8"?>
<!-- Generated by org.testng.reporters.JUnitReportReporter -->
<testsuite hostname="Mac-HoaiLong.local" failures="0" tests="1" name="HomeMeta.PageObjects.ChangePassword" time="34.304" errors="0" timestamp="2024-07-17T17:37:03 ICT" skipped="0">
  <testcase classname="HomeMeta.PageObjects.ChangePassword" name="CreateCampagin" time="34.304"/>
</testsuite> <!-- HomeMeta.PageObjects.ChangePassword -->
