<?xml version="1.0" encoding="UTF-8"?>
<!-- Generated by org.testng.reporters.JUnitReportReporter -->
<testsuite hostname="Mac-HoaiLong.local" failures="0" tests="3" name="HomeMeta.PageObjects.ManagerLogin" time="21.309" errors="0" timestamp="2024-07-23T09:57:45 ICT" skipped="0">
  <testcase classname="HomeMeta.PageObjects.ManagerLogin" name="TestLoginManagerSuccess" time="10.436"/>
  <testcase classname="HomeMeta.PageObjects.ManagerLogin" name="TestLoginManagerDeleted" time="8.466"/>
  <testcase classname="HomeMeta.PageObjects.ManagerLogin" name="TestLoginManagerIncorrect" time="2.407"/>
</testsuite> <!-- HomeMeta.PageObjects.ManagerLogin -->
