<?xml version="1.0" encoding="UTF-8"?>
<!-- Generated by org.testng.reporters.JUnitReportReporter -->
<testsuite hostname="Mac-HoaiLong.local" failures="0" tests="2" name="HomeMeta.PageObjects.RegisterBroker" time="63.737" errors="0" timestamp="2024-07-22T18:11:07 ICT" skipped="0">
  <testcase classname="HomeMeta.PageObjects.RegisterBroker" name="RegisterBrokerTest" time="53.010"/>
  <testcase classname="HomeMeta.PageObjects.RegisterBroker" name="RegisterAgentFailed" time="10.727"/>
</testsuite> <!-- HomeMeta.PageObjects.RegisterBroker -->
