<?xml version="1.0" encoding="UTF-8"?>
<!-- Generated by org.testng.reporters.JUnitReportReporter -->
<testsuite hostname="Mac-HoaiLong.local" failures="0" tests="1" name="selenium_java.HomeMeta.RegisterAgent" time="41.790" errors="0" timestamp="2024-06-24T17:41:23 ICT" skipped="0">
  <testcase classname="selenium_java.HomeMeta.RegisterAgent" name="Test" time="41.790"/>
</testsuite> <!-- selenium_java.HomeMeta.RegisterAgent -->
