<?xml version="1.0" encoding="UTF-8"?>
<!-- Generated by org.testng.reporters.JUnitReportReporter -->
<testsuite hostname="Mac-HoaiLong.local" failures="0" tests="1" name="HomeMeta.PageObjects.CreateCampaign" time="25.778" errors="0" timestamp="2024-07-29T16:38:12 ICT" skipped="0">
  <testcase classname="HomeMeta.PageObjects.CreateCampaign" name="VerifyCampaignManagerRole" time="25.778"/>
</testsuite> <!-- HomeMeta.PageObjects.CreateCampaign -->
