<?xml version="1.0" encoding="UTF-8"?>
<!-- Generated by org.testng.reporters.JUnitReportReporter -->
<testsuite hostname="Mac-HoaiLong.local" failures="0" tests="2" name="HomeMeta.PageObjects.RegisterBroker" time="55.990" errors="0" timestamp="2024-07-23T09:50:46 ICT" skipped="0">
  <testcase classname="HomeMeta.PageObjects.RegisterBroker" name="RegisterBrokerFailed" time="9.982"/>
  <testcase classname="HomeMeta.PageObjects.RegisterBroker" name="RegisterBrokerTest" time="46.008"/>
</testsuite> <!-- HomeMeta.PageObjects.RegisterBroker -->
