<?xml version="1.0" encoding="UTF-8"?>
<!-- Generated by org.testng.reporters.JUnitReportReporter -->
<testsuite hostname="Mac-HoaiLong.local" failures="0" tests="3" name="HomeMeta.PageObjects.AgentLogin" time="20.322" errors="0" timestamp="2024-07-23T09:54:40 ICT" skipped="0">
  <testcase classname="HomeMeta.PageObjects.AgentLogin" name="TestLoginAgentSuccess" time="9.527"/>
  <testcase classname="HomeMeta.PageObjects.AgentLogin" name="TestLoginAgentDeleted" time="8.434"/>
  <testcase classname="HomeMeta.PageObjects.AgentLogin" name="TestLoginAgentIncorrect" time="2.361"/>
</testsuite> <!-- HomeMeta.PageObjects.AgentLogin -->
