<?xml version="1.0" encoding="UTF-8"?>
<!-- Generated by org.testng.reporters.JUnitReportReporter -->
<testsuite hostname="Mac-HoaiLong.local" failures="0" tests="2" name="HomeMeta.PageObjects.CreateCampaign" time="68.013" errors="0" timestamp="2024-07-30T14:23:28 ICT" skipped="0">
  <testcase classname="HomeMeta.PageObjects.CreateCampaign" name="CreateCampaignManagerTest" time="51.761"/>
  <testcase classname="HomeMeta.PageObjects.CreateCampaign" name="VerifyCampaignManagerRole" time="16.252"/>
</testsuite> <!-- HomeMeta.PageObjects.CreateCampaign -->
