<?xml version="1.0" encoding="UTF-8"?>
<!-- Generated by org.testng.reporters.JUnitReportReporter -->
<testsuite hostname="Mac-HoaiLong.local" failures="0" tests="1" name="HomeMeta.PageObjects.RegisterAgent1" time="39.943" errors="0" timestamp="2024-06-28T15:13:16 ICT" skipped="0">
  <testcase classname="HomeMeta.PageObjects.RegisterAgent1" name="RegisterAgent" time="39.943"/>
</testsuite> <!-- HomeMeta.PageObjects.RegisterAgent1 -->
