<?xml version="1.0" encoding="UTF-8"?>
<!-- Generated by org.testng.reporters.JUnitReportReporter -->
<testsuite hostname="Mac-HoaiLong.local" failures="0" tests="1" name="HomeMeta.PageObjects.CreateCampaign" time="41.190" errors="0" timestamp="2024-07-16T15:36:41 ICT" skipped="0">
  <testcase classname="HomeMeta.PageObjects.CreateCampaign" name="CreateCampagin" time="41.190"/>
</testsuite> <!-- HomeMeta.PageObjects.CreateCampaign -->
