<?xml version="1.0" encoding="UTF-8"?>
<!-- Generated by org.testng.reporters.JUnitReportReporter -->
<testsuite hostname="Mac-HoaiLong.local" failures="0" tests="1" name="HomeMeta.PageObjects.AddMailingList" time="29.664" errors="0" timestamp="2024-07-18T10:06:01 ICT" skipped="0">
  <testcase classname="HomeMeta.PageObjects.AddMailingList" name="CreateCampagin" time="29.664"/>
</testsuite> <!-- HomeMeta.PageObjects.AddMailingList -->
