<?xml version="1.0" encoding="UTF-8"?>
<!-- Generated by org.testng.reporters.JUnitReportReporter -->
<testsuite hostname="Mac-HoaiLong.local" failures="0" tests="1" name="HomeMeta.PageObjects.RegisterManager" time="17.794" errors="0" timestamp="2024-07-22T16:11:07 ICT" skipped="0">
  <testcase classname="HomeMeta.PageObjects.RegisterManager" name="RegisterManagerTest" time="17.794"/>
</testsuite> <!-- HomeMeta.PageObjects.RegisterManager -->
