<?xml version="1.0" encoding="UTF-8"?>
<!-- Generated by org.testng.reporters.JUnitReportReporter -->
<testsuite hostname="Mac-HoaiLong.local" failures="0" tests="1" name="HomeMeta.PageObjects.CreateDripsSmartStriggers" time="96.144" errors="0" timestamp="2024-07-30T17:56:45 ICT" skipped="0">
  <testcase classname="HomeMeta.PageObjects.CreateDripsSmartStriggers" name="CreateDripSmartStriggersTypeEmail" time="96.144"/>
</testsuite> <!-- HomeMeta.PageObjects.CreateDripsSmartStriggers -->
