<?xml version="1.0" encoding="UTF-8"?>
<!-- Generated by org.testng.reporters.JUnitReportReporter -->
<testsuite hostname="Mac-HoaiLong.local" failures="0" tests="1" name="selenium_java.HomeMeta.TestNG" time="0.015" errors="0" timestamp="2024-06-24T14:58:28 ICT" skipped="0">
  <testcase classname="selenium_java.HomeMeta.TestNG" name="Test1" time="0.015"/>
</testsuite> <!-- selenium_java.HomeMeta.TestNG -->
