<?xml version="1.0" encoding="UTF-8"?>
<!-- Generated by org.testng.reporters.JUnitReportReporter -->
<testsuite hostname="Mac-HoaiLong.local" failures="0" tests="3" name="HomeMeta.PageObjects.BrokerLogin" time="20.264" errors="0" timestamp="2024-07-23T09:59:56 ICT" skipped="0">
  <testcase classname="HomeMeta.PageObjects.BrokerLogin" name="TestLoginBrokerIncorrect" time="2.403"/>
  <testcase classname="HomeMeta.PageObjects.BrokerLogin" name="TestLoginBrokerDeleted" time="8.308"/>
  <testcase classname="HomeMeta.PageObjects.BrokerLogin" name="TestLoginBrokerSuccess" time="9.553"/>
</testsuite> <!-- HomeMeta.PageObjects.BrokerLogin -->
